<?xml version="1.0" encoding="UTF-8"?>
<!-- Generated by org.testng.reporters.JUnitReportReporter -->
<testsuite hostname="SWARAJ-PC" failures="0" tests="1" name="org.testNGPracticeTest.Script5" time="8.739" errors="0" timestamp="2022-09-14T20:07:46 IST" skipped="0">
  <testcase classname="org.testNGPracticeTest.Script5" name="FifthScript" time="8.739"/>
  <system-out/>
</testsuite> <!-- org.testNGPracticeTest.Script5 -->
