<?xml version="1.0" encoding="UTF-8"?>
<!-- Generated by org.testng.reporters.JUnitReportReporter -->
<testsuite hostname="SWARAJ-PC" failures="0" tests="1" name="practiceTestNG.Practice3" time="0.015" errors="0" timestamp="2022-09-16T10:11:07 IST" skipped="0">
  <testcase classname="practiceTestNG.Practice3" name="Test3" time="0.015"/>
  <system-out/>
</testsuite> <!-- practiceTestNG.Practice3 -->
