<?xml version="1.0" encoding="UTF-8"?>
<!-- Generated by org.testng.reporters.JUnitReportReporter -->
<testsuite hostname="SWARAJ-PC" failures="0" tests="1" name="practiceTestNG.Practice2" time="0.005" errors="0" timestamp="2022-09-16T10:11:07 IST" skipped="0">
  <testcase classname="practiceTestNG.Practice2" name="Test2" time="0.005"/>
  <system-out/>
</testsuite> <!-- practiceTestNG.Practice2 -->
