<?xml version="1.0" encoding="UTF-8"?>
<!-- Generated by org.testng.reporters.JUnitReportReporter -->
<testsuite hostname="SWARAJ-PC" failures="0" tests="1" name="org.testNGPracticeTest.Script3Test" time="6.682" errors="0" timestamp="2022-09-14T20:20:11 IST" skipped="0">
  <testcase classname="org.testNGPracticeTest.Script3Test" name="ThirdScriptTest" time="6.682"/>
  <system-out/>
</testsuite> <!-- org.testNGPracticeTest.Script3Test -->
