<?xml version="1.0" encoding="UTF-8"?>
<!-- Generated by org.testng.reporters.JUnitReportReporter -->
<testsuite hostname="SWARAJ-PC" failures="0" tests="1" name="org.testNGTourismManagementScriptsTest.MakeEnquiryAndReaditAsAdminTest" time="11.212" errors="0" timestamp="2022-09-16T19:08:35 IST" skipped="0">
  <testcase classname="org.testNGTourismManagementScriptsTest.MakeEnquiryAndReaditAsAdminTest" name="FifthScript" time="11.212"/>
  <system-out/>
</testsuite> <!-- org.testNGTourismManagementScriptsTest.MakeEnquiryAndReaditAsAdminTest -->
