<?xml version="1.0" encoding="UTF-8"?>
<!-- Generated by org.testng.reporters.JUnitReportReporter -->
<testsuite hostname="SWARAJ-PC" failures="0" tests="1" name="org.testNGPracticeTest.Script5Test" time="8.950" errors="0" timestamp="2022-09-15T10:24:44 IST" skipped="0">
  <testcase classname="org.testNGPracticeTest.Script5Test" name="FifthScript" time="8.950"/>
  <system-out/>
</testsuite> <!-- org.testNGPracticeTest.Script5Test -->
