<?xml version="1.0" encoding="UTF-8"?>
<!-- Generated by org.testng.reporters.JUnitReportReporter -->
<testsuite hostname="SWARAJ-PC" failures="0" tests="1" name="org.testNGPracticeTest.Script2Test" time="15.461" errors="0" timestamp="2022-09-14T20:20:11 IST" skipped="0">
  <testcase classname="org.testNGPracticeTest.Script2Test" name="SecondScriptTest" time="15.461"/>
  <system-out/>
</testsuite> <!-- org.testNGPracticeTest.Script2Test -->
