<?xml version="1.0" encoding="UTF-8"?>
<!-- Generated by org.testng.reporters.JUnitReportReporter -->
<testsuite hostname="SWARAJ-PC" failures="0" tests="1" name="org.testNGPracticeTest.PracticeTest" time="0.033" errors="0" timestamp="2022-09-09T17:17:04 IST" skipped="0">
  <testcase classname="org.testNGPracticeTest.PracticeTest" name="Demo" time="0.033"/>
  <system-out>
    <![CDATA[This is Test Annotation]]>
  </system-out>
</testsuite> <!-- org.testNGPracticeTest.PracticeTest -->
